@storybook/cli v7.5.1

info => Cleaning outputDir: /var/folders/v6/nsbzccxx4jj64fhj52wzkbh00000gn/T/chromatic--34340-yPAVlKski6vR
info => Loading presets
info => Building manager..
info => Manager built (81 ms)
info => Building preview..
info => Copying static files: /Users/clarian/Desktop/taskbox/node_modules/@storybook/manager/static at /var/folders/v6/nsbzccxx4jj64fhj52wzkbh00000gn/T/chromatic--34340-yPAVlKski6vR/sb-common-assets
info => Copying static files: /Users/clarian/Desktop/taskbox/public at /var/folders/v6/nsbzccxx4jj64fhj52wzkbh00000gn/T/chromatic--34340-yPAVlKski6vR/
vite v4.5.0 building for production...

./sb-common-assets/fonts.css doesn't exist at build time, it will remain unchanged to be resolved at runtime
transforming...
node_modules/telejson/dist/index.mjs (1413:15) Use of eval in "node_modules/telejson/dist/index.mjs" is strongly discouraged as it poses security risks and may cause issues with minification.
node_modules/telejson/dist/index.mjs (1416:18) Use of eval in "node_modules/telejson/dist/index.mjs" is strongly discouraged as it poses security risks and may cause issues with minification.
✓ 1696 modules transformed.
rendering chunks...
warnings when minifying css:
▲ [WARNING] Unexpected "vertical-align" [css-syntax-error]

    <stdin>:36:3:
      36 │   *vertical-align: middle;
         ╵    ~~~~~~~~~~~~~~


▲ [WARNING] Unexpected "overflow" [css-syntax-error]

    <stdin>:38:3:
      38 │   *overflow: visible;
         ╵    ~~~~~~~~


computing gzip size...
../../../../var/folders/v6/nsbzccxx4jj64fhj52wzkbh00000gn/T/chromatic--34340-yPAVlKski6vR/iframe.html                                     12.54 kB │ gzip:   3.56 kB
../../../../var/folders/v6/nsbzccxx4jj64fhj52wzkbh00000gn/T/chromatic--34340-yPAVlKski6vR/assets/percolate-dac75269.ttf                   34.04 kB
../../../../var/folders/v6/nsbzccxx4jj64fhj52wzkbh00000gn/T/chromatic--34340-yPAVlKski6vR/assets/percolate-ec979d96.woff                  34.11 kB
../../../../var/folders/v6/nsbzccxx4jj64fhj52wzkbh00000gn/T/chromatic--34340-yPAVlKski6vR/assets/percolate-5ed633c2.eot                   34.21 kB
../../../../var/folders/v6/nsbzccxx4jj64fhj52wzkbh00000gn/T/chromatic--34340-yPAVlKski6vR/assets/percolate-d13fa91b.svg                  140.51 kB │ gzip:  47.50 kB
../../../../var/folders/v6/nsbzccxx4jj64fhj52wzkbh00000gn/T/chromatic--34340-yPAVlKski6vR/assets/preview-aef9640d.css                      6.91 kB │ gzip:   2.07 kB
../../../../var/folders/v6/nsbzccxx4jj64fhj52wzkbh00000gn/T/chromatic--34340-yPAVlKski6vR/assets/_commonjs-dynamic-modules-302442b1.js     0.30 kB │ gzip:   0.24 kB │ map:     0.12 kB
../../../../var/folders/v6/nsbzccxx4jj64fhj52wzkbh00000gn/T/chromatic--34340-yPAVlKski6vR/assets/WithTooltip-4HIR6TLV-bbb9cae4.js          0.49 kB │ gzip:   0.30 kB │ map:     0.11 kB
../../../../var/folders/v6/nsbzccxx4jj64fhj52wzkbh00000gn/T/chromatic--34340-yPAVlKski6vR/assets/syntaxhighlighter-NMPM6SWI-8c607707.js    0.51 kB │ gzip:   0.33 kB │ map:     0.12 kB
../../../../var/folders/v6/nsbzccxx4jj64fhj52wzkbh00000gn/T/chromatic--34340-yPAVlKski6vR/assets/preview-c81710c3.js                       0.56 kB │ gzip:   0.35 kB │ map:     0.53 kB
../../../../var/folders/v6/nsbzccxx4jj64fhj52wzkbh00000gn/T/chromatic--34340-yPAVlKski6vR/assets/index-3fd0d1ea.js                         0.62 kB │ gzip:   0.38 kB │ map:     4.27 kB
../../../../var/folders/v6/nsbzccxx4jj64fhj52wzkbh00000gn/T/chromatic--34340-yPAVlKski6vR/assets/preview-87eac49b.js                       0.68 kB │ gzip:   0.48 kB │ map:     3.89 kB
../../../../var/folders/v6/nsbzccxx4jj64fhj52wzkbh00000gn/T/chromatic--34340-yPAVlKski6vR/assets/_commonjsHelpers-de833af9.js              0.75 kB │ gzip:   0.43 kB │ map:     0.11 kB
../../../../var/folders/v6/nsbzccxx4jj64fhj52wzkbh00000gn/T/chromatic--34340-yPAVlKski6vR/assets/index-356e4a49.js                         0.81 kB │ gzip:   0.51 kB │ map:     3.26 kB
../../../../var/folders/v6/nsbzccxx4jj64fhj52wzkbh00000gn/T/chromatic--34340-yPAVlKski6vR/assets/index-8d47fad6.js                         0.84 kB │ gzip:   0.55 kB │ map:     4.07 kB
../../../../var/folders/v6/nsbzccxx4jj64fhj52wzkbh00000gn/T/chromatic--34340-yPAVlKski6vR/assets/preview-b3c37142.js                       0.90 kB │ gzip:   0.59 kB │ map:     2.96 kB
../../../../var/folders/v6/nsbzccxx4jj64fhj52wzkbh00000gn/T/chromatic--34340-yPAVlKski6vR/assets/preview-27c9edbf.js                       1.06 kB │ gzip:   0.69 kB │ map:     3.26 kB
../../../../var/folders/v6/nsbzccxx4jj64fhj52wzkbh00000gn/T/chromatic--34340-yPAVlKski6vR/assets/preview-bed967c6.js                       2.38 kB │ gzip:   1.24 kB │ map:    11.09 kB
../../../../var/folders/v6/nsbzccxx4jj64fhj52wzkbh00000gn/T/chromatic--34340-yPAVlKski6vR/assets/index-d37d4223.js                         2.63 kB │ gzip:   1.30 kB │ map:     7.47 kB
../../../../var/folders/v6/nsbzccxx4jj64fhj52wzkbh00000gn/T/chromatic--34340-yPAVlKski6vR/assets/preview-108c1c3c.js                       3.26 kB │ gzip:   1.41 kB │ map:    10.27 kB
../../../../var/folders/v6/nsbzccxx4jj64fhj52wzkbh00000gn/T/chromatic--34340-yPAVlKski6vR/assets/Task.stories-468792f0.js                  3.71 kB │ gzip:   1.58 kB │ map:     5.51 kB
../../../../var/folders/v6/nsbzccxx4jj64fhj52wzkbh00000gn/T/chromatic--34340-yPAVlKski6vR/assets/iframe-427d343d.js                        4.58 kB │ gzip:   1.68 kB │ map:     5.40 kB
../../../../var/folders/v6/nsbzccxx4jj64fhj52wzkbh00000gn/T/chromatic--34340-yPAVlKski6vR/assets/index-76fb7be0.js                         7.21 kB │ gzip:   2.95 kB │ map:    15.70 kB
../../../../var/folders/v6/nsbzccxx4jj64fhj52wzkbh00000gn/T/chromatic--34340-yPAVlKski6vR/assets/preview-b8d6c68d.js                       7.67 kB │ gzip:   1.59 kB │ map:    14.21 kB
../../../../var/folders/v6/nsbzccxx4jj64fhj52wzkbh00000gn/T/chromatic--34340-yPAVlKski6vR/assets/preview-2059b184.js                       8.32 kB │ gzip:   3.20 kB │ map:    29.41 kB
../../../../var/folders/v6/nsbzccxx4jj64fhj52wzkbh00000gn/T/chromatic--34340-yPAVlKski6vR/assets/index-f05162e9.js                        10.06 kB │ gzip:   3.64 kB │ map:    26.85 kB
../../../../var/folders/v6/nsbzccxx4jj64fhj52wzkbh00000gn/T/chromatic--34340-yPAVlKski6vR/assets/preview-47b91f5d.js                      11.13 kB │ gzip:   3.76 kB │ map:    41.89 kB
../../../../var/folders/v6/nsbzccxx4jj64fhj52wzkbh00000gn/T/chromatic--34340-yPAVlKski6vR/assets/index-da07a199.js                        13.66 kB │ gzip:   5.12 kB │ map:    53.09 kB
../../../../var/folders/v6/nsbzccxx4jj64fhj52wzkbh00000gn/T/chromatic--34340-yPAVlKski6vR/assets/Color-6VNJS4EI-33111fb7.js               17.68 kB │ gzip:   6.79 kB │ map:    59.59 kB
../../../../var/folders/v6/nsbzccxx4jj64fhj52wzkbh00000gn/T/chromatic--34340-yPAVlKski6vR/assets/preview-323d73e8.js                      34.24 kB │ gzip:  13.38 kB │ map:   127.50 kB
../../../../var/folders/v6/nsbzccxx4jj64fhj52wzkbh00000gn/T/chromatic--34340-yPAVlKski6vR/assets/TaskList.stories-75c3106b.js             40.32 kB │ gzip:  13.96 kB │ map:   239.02 kB
../../../../var/folders/v6/nsbzccxx4jj64fhj52wzkbh00000gn/T/chromatic--34340-yPAVlKski6vR/assets/_getPrototype-e1e43787.js                79.01 kB │ gzip:  23.72 kB │ map:   325.94 kB
../../../../var/folders/v6/nsbzccxx4jj64fhj52wzkbh00000gn/T/chromatic--34340-yPAVlKski6vR/assets/index-d3ea75b5.js                       134.11 kB │ gzip:  43.23 kB │ map:   328.82 kB
../../../../var/folders/v6/nsbzccxx4jj64fhj52wzkbh00000gn/T/chromatic--34340-yPAVlKski6vR/assets/config-e12572bb.js                      213.48 kB │ gzip:  66.39 kB │ map:   803.20 kB
../../../../var/folders/v6/nsbzccxx4jj64fhj52wzkbh00000gn/T/chromatic--34340-yPAVlKski6vR/assets/InboxScreen.stories-d7b01f51.js         258.10 kB │ gzip:  60.69 kB │ map:   926.90 kB
../../../../var/folders/v6/nsbzccxx4jj64fhj52wzkbh00000gn/T/chromatic--34340-yPAVlKski6vR/assets/index-77955f96.js                       372.18 kB │ gzip: 113.95 kB │ map: 1,559.18 kB
../../../../var/folders/v6/nsbzccxx4jj64fhj52wzkbh00000gn/T/chromatic--34340-yPAVlKski6vR/assets/DocsRenderer-NNNQARDV-27329b25.js       534.99 kB │ gzip: 174.76 kB │ map: 1,550.37 kB
../../../../var/folders/v6/nsbzccxx4jj64fhj52wzkbh00000gn/T/chromatic--34340-yPAVlKski6vR/assets/axe-ace75cbe.js                         554.63 kB │ gzip: 151.94 kB │ map: 1,993.94 kB
../../../../var/folders/v6/nsbzccxx4jj64fhj52wzkbh00000gn/T/chromatic--34340-yPAVlKski6vR/assets/formatter-SWP5E3XI-45985bb6.js          601.69 kB │ gzip: 185.07 kB │ map: 1,318.59 kB

(!) Some chunks are larger than 500 kBs after minification. Consider:
- Using dynamic import() to code-split the application
- Use build.rollupOptions.output.manualChunks to improve chunking: https://rollupjs.org/configuration-options/#output-manualchunks
- Adjust chunk size limit for this warning via build.chunkSizeWarningLimit.
✓ built in 5.29s
info => Preview built (5.54 s)
info => Output directory: /var/folders/v6/nsbzccxx4jj64fhj52wzkbh00000gn/T/chromatic--34340-yPAVlKski6vR
