
Chromatic CLI v7.5.4
https://www.chromatic.com/docs/cli

Authenticating with Chromatic
    → Connecting to https://index.chromatic.com
Authenticated with Chromatic
    → Using project token '****************6536'
Retrieving git information
Retrieved git information
    → Commit '4e9820b' on branch 'change-task-background'; found 1 parent build
Collecting Storybook metadata
Collected Storybook metadata
    → Storybook 7.5.1 for React; using the @storybook/react-vite builder (7.5.1); supported addons found: Links, Essentials, Interactions, A11y
Initializing build
Initialized build
    → Build 3 initialized
Building your Storybook
    → Running command: yarn run build-storybook --output-dir /var/folders/v6/nsbzccxx4jj64fhj52wzkbh00000gn/T/chromatic--38471-loWtY5MKJw0r
Storybook built in 8 seconds
    → View build log at /Users/clarian/Desktop/taskbox/build-storybook.log
Publish your built Storybook
    → Validating Storybook files
Publishing your built Storybook
    → Retrieving target location
    → Starting publish
    → [                    ] 0%
    → [=                   ] 5%
    → [=                   ] 7%
    → [==                  ] 9%
    → [==                  ] 11%
    → [==                  ] 12%
    → [===                 ] 16%
    → [====                ] 18%
    → [====                ] 21%
    → [=====               ] 24%
    → [=====               ] 25%
    → [=====               ] 26%
    → [=====               ] 27%
    → [======              ] 28%
    → [======              ] 29%
    → [======              ] 31%
    → [=======             ] 34%
    → [========            ] 38%
    → [========            ] 40%
    → [=========           ] 44%
    → [=========           ] 45%
    → [=========           ] 46%
    → [==========          ] 48%
    → [==========          ] 50%
    → [===========         ] 53%
    → [===========         ] 55%
    → [===========         ] 56%
    → [===========         ] 57%
    → [============        ] 58%
    → [============        ] 60%
    → [============        ] 62%
    → [=============       ] 64%
    → [=============       ] 65%
    → [=============       ] 67%
    → [==============      ] 68%
    → [==============      ] 69%
    → [==============      ] 70%
    → [==============      ] 71%
    → [==============      ] 72%
    → [===============     ] 73%
    → [===============     ] 74%
    → [===============     ] 75%
    → [===============     ] 76%
    → [===============     ] 77%
    → [================    ] 78%
    → [================    ] 80%
    → [================    ] 81%
    → [================    ] 82%
    → [=================   ] 83%
    → [=================   ] 84%
    → [=================   ] 85%
    → [=================   ] 86%
    → [==================  ] 88%
    → [==================  ] 89%
    → [==================  ] 91%
    → [=================== ] 93%
    → [=================== ] 94%
    → [=================== ] 95%
    → [====================] 98%
    → [====================] 100%
Publish complete in 14 seconds
    → View your Storybook at https://653fc1bcf7b1eaec79db0eed-tkhmfgssbx.chromatic.com
Verifying your Storybook
    → This may take a few minutes
Started build 3
    → View build details at https://www.chromatic.com/build?appId=653fc1bcf7b1eaec79db0eed&number=3
Running 9 tests
    → This may take a few minutes
ℹ Speed up Continuous Integration
Your project is linked to GitHub so Chromatic will report results there.
This means you can pass the --exit-once-uploaded flag to skip waiting for build results.
Read more here: https://www.chromatic.com/docs/cli#chromatic-options
    → [==                  ] 1/9  InboxScreen › Default 
    → [====                ] 2/9  InboxScreen › Error 
    → [=======             ] 3/9  Task › Default 
    → [=========           ] 4/9  Task › Pinned 
    → [=============       ] 6/9  TaskList › Default 
    → [================    ] 7/9  TaskList › With Pinned Tasks 
    → [====================] 9/9  TaskList › Empty 
✔ Build 3 passed!
6 visual changes were found in this build.
ℹ View build details at https://www.chromatic.com/build?appId=653fc1bcf7b1eaec79db0eed&number=3
